[    0.000000] Linux version 4.15.0-212-generic (buildd@lcy02-amd64-083) (gcc version 7.5.0 (Ubuntu 7.5.0-3ubuntu1~18.04)) #223-Ubuntu SMP Tue May 23 13:09:22 UTC 2023 (Ubuntu 4.15.0-212.223-generic 4.15.18)
[    0.000000] Command line: BOOT_IMAGE=/boot/vmlinuz-4.15.0-212-generic root=LABEL=cloudimg-rootfs ro console=tty1 console=ttyS0
[    0.000000] KERNEL supported cpus:
[    0.000000]   Intel GenuineIntel
[    0.000000]   AMD AuthenticAMD
[    0.000000]   Centaur CentaurHauls
[    0.000000] x86/fpu: x87 FPU will use FXSAVE
[    0.000000] e820: BIOS-provided physical RAM map:
[    0.000000] BIOS-e820: [mem 0x0000000000000000-0x000000000009fbff] usable
[    0.000000] BIOS-e820: [mem 0x000000000009fc00-0x000000000009ffff] reserved
[    0.000000] BIOS-e820: [mem 0x00000000000f0000-0x00000000000fffff] reserved
[    0.000000] BIOS-e820: [mem 0x0000000000100000-0x000000007ffeffff] usable
[    0.000000] BIOS-e820: [mem 0x000000007fff0000-0x000000007fffffff] ACPI data
[    0.000000] BIOS-e820: [mem 0x00000000fec00000-0x00000000fec00fff] reserved
[    0.000000] BIOS-e820: [mem 0x00000000fee00000-0x00000000fee00fff] reserved
[    0.000000] BIOS-e820: [mem 0x00000000fffc0000-0x00000000ffffffff] reserved
[    0.000000] NX (Execute Disable) protection: active
[    0.000000] SMBIOS 2.5 present.
[    0.000000] DMI: innotek GmbH VirtualBox/VirtualBox, BIOS VirtualBox 12/01/2006
[    0.000000] Hypervisor detected: KVM
[    0.000000] e820: last_pfn = 0x7fff0 max_arch_pfn = 0x400000000
[    0.000000] x86/PAT: Configuration [0-7]: WB  WC  UC- UC  WB  WP  UC- WT  
[    0.000000] CPU MTRRs all blank - virtualized system.
[    0.000000] found SMP MP-table at [mem 0x0009fbf0-0x0009fbff]
[    0.000000] Scanning 1 areas for low memory corruption
[    0.000000] RAMDISK: [mem 0x359cb000-0x36cdcfff]
[    0.000000] ACPI: Early table checksum verification disabled
[    0.000000] ACPI: RSDP 0x00000000000E0000 000024 (v02 VBOX  )
[    0.000000] ACPI: XSDT 0x000000007FFF0030 00003C (v01 VBOX   VBOXXSDT 00000001 ASL  00000061)
[    0.000000] ACPI: FACP 0x000000007FFF00F0 0000F4 (v04 VBOX   VBOXFACP 00000001 ASL  00000061)
[    0.000000] ACPI: DSDT 0x000000007FFF0610 002353 (v02 VBOX   VBOXBIOS 00000002 INTL 20100528)
[    0.000000] ACPI: FACS 0x000000007FFF0200 000040
[    0.000000] ACPI: FACS 0x000000007FFF0200 000040
[    0.000000] ACPI: APIC 0x000000007FFF0240 00005C (v02 VBOX   VBOXAPIC 00000001 ASL  00000061)
[    0.000000] ACPI: SSDT 0x000000007FFF02A0 00036C (v01 VBOX   VBOXCPUT 00000002 INTL 20100528)
[    0.000000] ACPI: Reserving FACP table memory at [mem 0x7fff00f0-0x7fff01e3]
[    0.000000] ACPI: Reserving DSDT table memory at [mem 0x7fff0610-0x7fff2962]
[    0.000000] ACPI: Reserving FACS table memory at [mem 0x7fff0200-0x7fff023f]
[    0.000000] ACPI: Reserving FACS table memory at [mem 0x7fff0200-0x7fff023f]
[    0.000000] ACPI: Reserving APIC table memory at [mem 0x7fff0240-0x7fff029b]
[    0.000000] ACPI: Reserving SSDT table memory at [mem 0x7fff02a0-0x7fff060b]
[    0.000000] No NUMA configuration found
[    0.000000] Faking a node at [mem 0x0000000000000000-0x000000007ffeffff]
[    0.000000] NODE_DATA(0) allocated [mem 0x7ffc5000-0x7ffeffff]
[    0.000000] kvm-clock: cpu 0, msr 0:7ff44001, primary cpu clock
[    0.000000] kvm-clock: Using msrs 4b564d01 and 4b564d00
[    0.000000] kvm-clock: using sched offset of 5613613143 cycles
[    0.000000] clocksource: kvm-clock: mask: 0xffffffffffffffff max_cycles: 0x1cd42e4dffb, max_idle_ns: 881590591483 ns
[    0.000000] Zone ranges:
[    0.000000]   DMA      [mem 0x0000000000001000-0x0000000000ffffff]
[    0.000000]   DMA32    [mem 0x0000000001000000-0x000000007ffeffff]
[    0.000000]   Normal   empty
[    0.000000]   Device   empty
[    0.000000] Movable zone start for each node
[    0.000000] Early memory node ranges
[    0.000000]   node   0: [mem 0x0000000000001000-0x000000000009efff]
[    0.000000]   node   0: [mem 0x0000000000100000-0x000000007ffeffff]
[    0.000000] Reserved but unavailable: 104 pages
[    0.000000] Initmem setup node 0 [mem 0x0000000000001000-0x000000007ffeffff]
[    0.000000] ACPI: PM-Timer IO Port: 0x4008
[    0.000000] IOAPIC[0]: apic_id 2, version 32, address 0xfec00000, GSI 0-23
[    0.000000] ACPI: INT_SRC_OVR (bus 0 bus_irq 0 global_irq 2 dfl dfl)
[    0.000000] ACPI: INT_SRC_OVR (bus 0 bus_irq 9 global_irq 9 low level)
[    0.000000] Using ACPI (MADT) for SMP configuration information
[    0.000000] smpboot: Allowing 2 CPUs, 0 hotplug CPUs
[    0.000000] PM: Registered nosave memory: [mem 0x00000000-0x00000fff]
[    0.000000] PM: Registered nosave memory: [mem 0x0009f000-0x0009ffff]
[    0.000000] PM: Registered nosave memory: [mem 0x000a0000-0x000effff]
[    0.000000] PM: Registered nosave memory: [mem 0x000f0000-0x000fffff]
[    0.000000] e820: [mem 0x80000000-0xfebfffff] available for PCI devices
[    0.000000] Booting paravirtualized kernel on KVM
[    0.000000] clocksource: refined-jiffies: mask: 0xffffffff max_cycles: 0xffffffff, max_idle_ns: 7645519600211568 ns
[    0.000000] setup_percpu: NR_CPUS:8192 nr_cpumask_bits:2 nr_cpu_ids:2 nr_node_ids:1
[    0.000000] percpu: Embedded 50 pages/cpu s167936 r8192 d28672 u1048576
[    0.000000] PV qspinlock hash table entries: 256 (order: 0, 4096 bytes)
[    0.000000] Built 1 zonelists, mobility grouping on.  Total pages: 515961
[    0.000000] Policy zone: DMA32
[    0.000000] Kernel command line: BOOT_IMAGE=/boot/vmlinuz-4.15.0-212-generic root=LABEL=cloudimg-rootfs ro console=tty1 console=ttyS0
[    0.000000] Memory: 2014836K/2096696K available (12300K kernel code, 2477K rwdata, 4324K rodata, 2480K init, 2720K bss, 81860K reserved, 0K cma-reserved)
[    0.000000] SLUB: HWalign=64, Order=0-3, MinObjects=0, CPUs=2, Nodes=1
[    0.000000] ftrace: allocating 39508 entries in 155 pages
[    0.004000] Hierarchical RCU implementation.
[    0.004000] 	RCU restricting CPUs from NR_CPUS=8192 to nr_cpu_ids=2.
[    0.004000] 	Tasks RCU enabled.
[    0.004000] RCU: Adjusting geometry for rcu_fanout_leaf=16, nr_cpu_ids=2
[    0.004000] NR_IRQS: 524544, nr_irqs: 440, preallocated irqs: 16
[    0.004000] random: crng init done
[    0.004000] Console: colour VGA+ 80x25
[    0.004000] console [tty1] enabled
[    0.004000] console [ttyS0] enabled
[    0.004000] ACPI: Core revision 20170831
[    0.004000] ACPI: 2 ACPI AML tables successfully acquired and loaded
[    0.004000] APIC: Switch to symmetric I/O mode setup
[    0.004000] ..TIMER: vector=0x30 apic1=0 pin1=2 apic2=-1 pin2=-1
[    0.004009] tsc: Detected 2112.006 MHz processor
[    0.008014] Calibrating delay loop (skipped) preset value.. 4224.01 BogoMIPS (lpj=8448024)
[    0.012011] pid_max: default: 32768 minimum: 301
[    0.016217] Security Framework initialized
[    0.020010] Yama: becoming mindful.
[    0.024123] AppArmor: AppArmor initialized
[    0.058471] Dentry cache hash table entries: 262144 (order: 9, 2097152 bytes)
[    0.074218] Inode-cache hash table entries: 131072 (order: 8, 1048576 bytes)
[    0.080160] Mount-cache hash table entries: 4096 (order: 3, 32768 bytes)
[    0.084229] Mountpoint-cache hash table entries: 4096 (order: 3, 32768 bytes)
[    0.095123] Last level iTLB entries: 4KB 64, 2MB 8, 4MB 8
[    0.096008] Last level dTLB entries: 4KB 64, 2MB 0, 4MB 0, 1GB 4
[    0.100010] Spectre V1 : Mitigation: usercopy/swapgs barriers and __user pointer sanitization
[    0.104010] Spectre V2 : Mitigation: Enhanced IBRS
[    0.108006] Spectre V2 : Spectre v2 / SpectreRSB mitigation: Filling RSB on context switch
[    0.116004] Spectre V2 : Spectre v2 / PBRSB-eIBRS: Retire a single CALL on VMEXIT
[    0.120010] RETBleed: Mitigation: Enhanced IBRS
[    0.124008] Speculative Store Bypass: Vulnerable
[    0.128144] MMIO Stale Data: Mitigation: Clear CPU buffers
[    0.132009] SRBDS: Unknown: Dependent on hypervisor status
[    0.136393] Freeing SMP alternatives memory: 36K
[    0.258586] APIC calibration not consistent with PM-Timer: 102ms instead of 100ms
[    0.260000] APIC delta adjusted to PM-Timer: 6277873 (6404920)
[    0.260933] smpboot: CPU0: Intel(R) Core(TM) i5-10210U CPU @ 1.60GHz (family: 0x6, model: 0x8e, stepping: 0xc)
[    0.264000] Performance Events: unsupported p6 CPU model 142 no PMU driver, software events only.
[    0.264000] Hierarchical SRCU implementation.
[    0.264000] NMI watchdog: Perf event create on CPU 0 failed with -2
[    0.264000] NMI watchdog: Perf NMI watchdog permanently disabled
[    0.264937] smp: Bringing up secondary CPUs ...
[    0.273940] x86: Booting SMP configuration:
[    0.276007] .... node  #0, CPUs:      #1
[    0.004000] kvm-clock: cpu 1, msr 0:7ff44041, secondary cpu clock
[    0.302967] TSC synchronization [CPU#0 -> CPU#1]:
[    0.304000] Measured 67150 cycles TSC warp between CPUs, turning off TSC clock.
[    0.304000] tsc: Marking TSC unstable due to check_tsc_sync_source failed
[    0.308731] smp: Brought up 1 node, 2 CPUs
[    0.312013] smpboot: Max logical packages: 1
[    0.316009] smpboot: Total of 2 processors activated (8448.02 BogoMIPS)
[    0.328018] devtmpfs: initialized
[    0.332289] x86/mm: Memory block size: 128MB
[    0.341609] evm: security.selinux
[    0.344005] evm: security.SMACK64
[    0.348007] evm: security.SMACK64EXEC
[    0.352007] evm: security.SMACK64TRANSMUTE
[    0.356004] evm: security.SMACK64MMAP
[    0.360005] evm: security.apparmor
[    0.364007] evm: security.ima
[    0.368006] evm: security.capability
[    0.376944] clocksource: jiffies: mask: 0xffffffff max_cycles: 0xffffffff, max_idle_ns: 7645041785100000 ns
[    0.380022] futex hash table entries: 512 (order: 3, 32768 bytes)
[    0.384492] pinctrl core: initialized pinctrl subsystem
[    0.392468] RTC time: 18:10:45, date: 05/26/25
[    0.397818] NET: Registered protocol family 16
[    0.400249] audit: initializing netlink subsys (disabled)
[    0.404346] audit: type=2000 audit(1748283051.226:1): state=initialized audit_enabled=0 res=1
[    0.424010] cpuidle: using governor ladder
[    0.428017] cpuidle: using governor menu
[    0.432072] ACPI: bus type PCI registered
[    0.436008] acpiphp: ACPI Hot Plug PCI Controller Driver version: 0.5
[    0.444152] PCI: Using configuration type 1 for base access
[    0.456432] HugeTLB registered 2.00 MiB page size, pre-allocated 0 pages
[    0.464830] ACPI: Added _OSI(Module Device)
[    0.468136] ACPI: Added _OSI(Processor Device)
[    0.472015] ACPI: Added _OSI(3.0 _SCP Extensions)
[    0.476010] ACPI: Added _OSI(Processor Aggregator Device)
[    0.480014] ACPI: Added _OSI(Linux-Dell-Video)
[    0.484005] ACPI: Added _OSI(Linux-Lenovo-NV-HDMI-Audio)
[    0.488018] ACPI: Added _OSI(Linux-HPI-Hybrid-Graphics)
[    0.493178] ACPI: Executed 1 blocks of module-level executable AML code
[    0.510364] ACPI: Interpreter enabled
[    0.512040] ACPI: (supports S0 S5)
[    0.516008] ACPI: Using IOAPIC for interrupt routing
[    0.521087] PCI: Using host bridge windows from ACPI; if necessary, use "pci=nocrs" and report a bug
[    0.524459] ACPI: Enabled 2 GPEs in block 00 to 07
[    0.557582] ACPI: PCI Root Bridge [PCI0] (domain 0000 [bus 00-ff])
[    0.560020] acpi PNP0A03:00: _OSC: OS supports [ASPM ClockPM Segments MSI]
[    0.568973] acpi PNP0A03:00: _OSC: not requesting OS control; OS requires [ExtendedConfig ASPM ClockPM MSI]
[    0.572040] acpi PNP0A03:00: fail to add MMCONFIG information, can't access extended PCI configuration space under this bridge.
[    0.581433] PCI host bridge to bus 0000:00
[    0.584012] pci_bus 0000:00: root bus resource [io  0x0000-0x0cf7 window]
[    0.588010] pci_bus 0000:00: root bus resource [io  0x0d00-0xffff window]
[    0.592005] pci_bus 0000:00: root bus resource [mem 0x000a0000-0x000bffff window]
[    0.596008] pci_bus 0000:00: root bus resource [mem 0x80000000-0xfdffffff window]
[    0.600013] pci_bus 0000:00: root bus resource [bus 00-ff]
[    0.622828] pci 0000:00:01.1: legacy IDE quirk: reg 0x10: [io  0x01f0-0x01f7]
[    0.624010] pci 0000:00:01.1: legacy IDE quirk: reg 0x14: [io  0x03f6]
[    0.628009] pci 0000:00:01.1: legacy IDE quirk: reg 0x18: [io  0x0170-0x0177]
[    0.632010] pci 0000:00:01.1: legacy IDE quirk: reg 0x1c: [io  0x0376]
[    0.695406] pci 0000:00:07.0: quirk: [io  0x4000-0x403f] claimed by PIIX4 ACPI
[    0.696068] pci 0000:00:07.0: quirk: [io  0x4100-0x410f] claimed by PIIX4 SMB
[    0.730195] ACPI: PCI Interrupt Link [LNKA] (IRQs 5 9 10 *11)
[    0.733183] ACPI: PCI Interrupt Link [LNKB] (IRQs 5 9 *10 11)
[    0.740690] ACPI: PCI Interrupt Link [LNKC] (IRQs 5 *9 10 11)
[    0.744551] ACPI: PCI Interrupt Link [LNKD] (IRQs 5 9 10 *11)
[    0.749241] SCSI subsystem initialized
[    0.756101] pci 0000:00:02.0: vgaarb: setting as boot VGA device
[    0.760000] pci 0000:00:02.0: vgaarb: VGA device added: decodes=io+mem,owns=io+mem,locks=none
[    0.760017] pci 0000:00:02.0: vgaarb: bridge control possible
[    0.764007] vgaarb: loaded
[    0.768253] ACPI: bus type USB registered
[    0.772048] usbcore: registered new interface driver usbfs
[    0.776116] usbcore: registered new interface driver hub
[    0.780019] usbcore: registered new device driver usb
[    0.788320] EDAC MC: Ver: 3.0.0
[    0.796773] PCI: Using ACPI for IRQ routing
[    0.802304] NetLabel: Initializing
[    0.804007] NetLabel:  domain hash size = 128
[    0.812016] NetLabel:  protocols = UNLABELED CIPSOv4 CALIPSO
[    0.816358] NetLabel:  unlabeled traffic allowed by default
[    0.824488] clocksource: Switched to clocksource kvm-clock
[    0.851251] VFS: Disk quotas dquot_6.6.0
[    0.851251] VFS: Dquot-cache hash table entries: 512 (order 0, 4096 bytes)
[    0.851251] AppArmor: AppArmor Filesystem Enabled
[    0.851251] pnp: PnP ACPI init
[    0.851251] pnp: PnP ACPI: found 3 devices
[    1.058496] clocksource: acpi_pm: mask: 0xffffff max_cycles: 0xffffff, max_idle_ns: 2085701024 ns
[    1.060611] NET: Registered protocol family 2
[    1.060611] IP idents hash table entries: 32768 (order: 6, 262144 bytes)
[    1.096793] TCP established hash table entries: 16384 (order: 5, 131072 bytes)
[    1.109016] TCP bind hash table entries: 16384 (order: 6, 262144 bytes)
[    1.121402] TCP: Hash tables configured (established 16384 bind 16384)
[    1.132156] UDP hash table entries: 1024 (order: 3, 32768 bytes)
[    1.140713] UDP-Lite hash table entries: 1024 (order: 3, 32768 bytes)
[    1.151470] NET: Registered protocol family 1
[    1.160367] pci 0000:00:00.0: Limiting direct PCI/PCI transfers
[    1.171689] pci 0000:00:01.0: Activating ISA DMA hang workarounds
[    1.183742] pci 0000:00:02.0: Video device with shadowed ROM at [mem 0x000c0000-0x000dffff]
[    1.200737] Unpacking initramfs...
[    1.732846] Freeing initrd memory: 19528K
[    2.418552] clocksource: tsc: mask: 0xffffffffffffffff max_cycles: 0x1e717e40680, max_idle_ns: 440795297614 ns
[    2.435409] platform rtc_cmos: registered platform RTC device (no PNP device found)
[    2.448877] Scanning for low memory corruption every 60 seconds
[    2.463612] Initialise system trusted keyrings
[    2.471700] Key type blacklist registered
[    2.482175] workingset: timestamp_bits=36 max_order=19 bucket_order=0
[    2.498468] zbud: loaded
[    2.511918] squashfs: version 4.0 (2009/01/31) Phillip Lougher
[    2.525189] fuse init (API version 7.26)
[    2.581237] Key type asymmetric registered
[    2.590182] Asymmetric key parser 'x509' registered
[    2.601956] Block layer SCSI generic (bsg) driver version 0.4 loaded (major 246)
[    2.617603] io scheduler noop registered
[    2.627471] io scheduler deadline registered
[    2.638714] io scheduler cfq registered (default)
[    2.653141] ACPI: AC Adapter [AC] (off-line)
[    2.682040] input: Power Button as /devices/LNXSYSTM:00/LNXPWRBN:00/input/input0
[    2.695566] ACPI: Power Button [PWRF]
[    2.705515] input: Sleep Button as /devices/LNXSYSTM:00/LNXSLPBN:00/input/input1
[    2.719233] ACPI: Sleep Button [SLPF]
[    2.732258] Serial: 8250/16550 driver, 32 ports, IRQ sharing enabled
[    2.735702] ACPI: Battery Slot [BAT0] (battery present)
[    2.806564] 00:02: ttyS0 at I/O 0x3f8 (irq = 4, base_baud = 115200) is a 16550A
[    2.826144] Linux agpgart interface v0.103
[    2.849423] loop: module loaded
[    2.862232] scsi host0: ata_piix
[    2.872998] scsi host1: ata_piix
[    2.881865] ata1: PATA max UDMA/33 cmd 0x1f0 ctl 0x3f6 bmdma 0xd000 irq 14
[    2.894906] ata2: PATA max UDMA/33 cmd 0x170 ctl 0x376 bmdma 0xd008 irq 15
[    2.906738] tun: Universal TUN/TAP device driver, 1.6
[    2.916674] PPP generic driver version 2.4.2
[    2.925578] ehci_hcd: USB 2.0 'Enhanced' Host Controller (EHCI) Driver
[    2.937179] ehci-pci: EHCI PCI platform driver
[    2.947035] ehci-platform: EHCI generic platform driver
[    2.956825] ohci_hcd: USB 1.1 'Open' Host Controller (OHCI) Driver
[    2.971046] ohci-pci: OHCI PCI platform driver
[    2.982834] ohci-platform: OHCI generic platform driver
[    2.991936] uhci_hcd: USB Universal Host Controller Interface driver
[    3.003002] i8042: PNP: PS/2 Controller [PNP0303:PS2K,PNP0f03:PS2M] at 0x60,0x64 irq 1,12
[    3.023977] serio: i8042 KBD port at 0x60,0x64 irq 1
[    3.035472] serio: i8042 AUX port at 0x60,0x64 irq 12
[    3.048220] mousedev: PS/2 mouse device common for all mice
[    3.060024] input: AT Translated Set 2 keyboard as /devices/platform/i8042/serio0/input/input2
[    3.178438] rtc_cmos rtc_cmos: rtc core: registered rtc_cmos as rtc0
[    3.189410] rtc_cmos rtc_cmos: alarms up to one day, 114 bytes nvram
[    3.200426] i2c /dev entries driver
[    3.204277] device-mapper: uevent: version 1.0.3
[    3.212781] device-mapper: ioctl: 4.37.0-ioctl (2017-09-20) initialised: dm-devel@redhat.com
[    3.224970] ledtrig-cpu: registered to indicate activity on CPUs
[    3.243322] NET: Registered protocol family 10
[    3.275898] Segment Routing with IPv6
[    3.283521] NET: Registered protocol family 17
[    3.293333] Key type dns_resolver registered
[    3.303203] mce: Using 0 MCE banks
[    3.311878] RAS: Correctable Errors collector initialized.
[    3.323530] sched_clock: Marking stable (3323335535, 0)->(5212763750, -1889428215)
[    3.347394] registered taskstats version 1
[    3.358396] Loading compiled-in X.509 certificates
[    3.376854] Loaded X.509 cert 'Build time autogenerated kernel key: b5b26778eaa3ab3a4a6cee031137706e947d12ad'
[    3.395991] Loaded X.509 cert 'Canonical Ltd. Live Patch Signing: 14df34d1a87cf37625abec039ef2bf521249b969'
[    3.409868] Loaded X.509 cert 'Canonical Ltd. Kernel Module Signing: 88f752e560a1e0737e31163a466ad7b70a850c19'
[    3.422357] blacklist: Loading compiled-in revocation X.509 certificates
[    3.431254] Loaded X.509 cert 'Canonical Ltd. Secure Boot Signing: 61482aa2830d0ab2ad5af10b7250da9033ddcef0'
[    3.442172] Loaded X.509 cert 'Canonical Ltd. Secure Boot Signing (2017): 242ade75ac4a15e50d50c84b0d45ff3eae707a03'
[    3.453156] Loaded X.509 cert 'Canonical Ltd. Secure Boot Signing (ESM 2018): 365188c1d374d6b07c3c8f240f8ef722433d6a8b'
[    3.467319] Loaded X.509 cert 'Canonical Ltd. Secure Boot Signing (2019): c0746fd6c5da3ae827864651ad66ae47fe24b3e8'
[    3.480545] Loaded X.509 cert 'Canonical Ltd. Secure Boot Signing (2021 v1): a8d54bbb3825cfb94fa13c9f8a594a195c107b8d'
[    3.498231] Loaded X.509 cert 'Canonical Ltd. Secure Boot Signing (2021 v2): 4cf046892d6fd3c9a5b03f98d845f90851dc6a8c'
[    3.517416] Loaded X.509 cert 'Canonical Ltd. Secure Boot Signing (2021 v3): 100437bb6de6e469b581e61cd66bce3ef4ed53af'
[    3.537974] Loaded X.509 cert 'Canonical Ltd. Secure Boot Signing (Ubuntu Core 2019): c1d57b8f6b743f23ee41f4f7ee292f06eecadfb9'
[    3.560057] zswap: loaded using pool lzo/zbud
[    3.595879] Key type big_key registered
[    3.605122] Key type trusted registered
[    3.625177] Key type encrypted registered
[    3.632229] AppArmor: AppArmor sha1 policy hashing enabled
[    3.644717] ima: No TPM chip found, activating TPM-bypass! (rc=-19)
[    3.656773] ima: Allocated hash algorithm: sha1
[    3.665047] evm: HMAC attrs: 0x1
[    3.674214]   Magic number: 9:474:191
[    3.685652] rtc_cmos rtc_cmos: setting system clock to 2025-05-26 18:10:49 UTC (1748283049)
[    3.701773] BIOS EDD facility v0.16 2004-Jun-25, 0 devices found
[    3.714983] EDD information not available.
[    3.734029] Freeing unused kernel image memory: 2480K
[    3.766019] Write protecting the kernel read-only data: 20480k
[    3.782472] Freeing unused kernel image memory: 2008K
[    3.791531] Freeing unused kernel image memory: 1820K
[    3.817506] x86/mm: Checked W+X mappings: passed, no W+X pages found.
Loading, please wait...
starting version 237
[    4.127153] e1000: Intel(R) PRO/1000 Network Driver - version 7.3.21-k8-NAPI
[    4.133212] Fusion MPT base driver 3.04.20
[    4.141314] e1000: Copyright (c) 1999-2006 Intel Corporation.
[    4.151662] Copyright (c) 1999-2008 LSI Corporation
[    4.282173] Fusion MPT SPI Host driver 3.04.20
[    4.311518] SSE version of gcm_enc/dec engaged.
[    4.474071] input: ImExPS/2 Generic Explorer Mouse as /devices/platform/i8042/serio1/input/input4
[    5.413479] e1000 0000:00:03.0 eth0: (PCI:33MHz:32-bit) 02:3b:7b:b7:3b:2d
[    5.427019] e1000 0000:00:03.0 eth0: Intel(R) PRO/1000 Network Connection
[    6.648960] e1000 0000:00:08.0 eth1: (PCI:33MHz:32-bit) 08:00:27:49:26:17
[    6.685564] e1000 0000:00:08.0 eth1: Intel(R) PRO/1000 Network Connection
[    6.706059] e1000 0000:00:08.0 enp0s8: renamed from eth1
[    6.722728] mptbase: ioc0: Initiating bringup
[ 1170.515288] INFO: rcu_sched self-detected stall on CPU
[ 1170.516215] INFO: rcu_sched detected stalls on CPUs/tasks:
[ 1170.531229] 	1-...!: (1 GPs behind) idle=fea/140000000000001/0 softirq=1088/1089 fqs=0 
[ 1170.531229] 	 (t=290948 jiffies g=-134 c=-135 q=94)
[ 1170.531234] rcu_sched kthread starved for 290948 jiffies! g18446744073709551482 c18446744073709551481 f0x0 RCU_GP_WAIT_FQS(3) ->state=0x402 ->cpu=0
[ 1170.531237] rcu_sched       I    0     8      2 0x80000000
[ 1170.542999] 	1-...!: (1 GPs behind) idle=fea/140000000000001/0 softirq=1088/1089 fqs=0 
[ 1170.553105] Call Trace:
[ 1170.553120]  __schedule+0x24e/0x890
[ 1170.553122]  schedule+0x2c/0x80
[ 1170.553124]  schedule_timeout+0x15d/0x370
[ 1170.553128]  ? __next_timer_interrupt+0xe0/0xe0
[ 1170.553131]  rcu_gp_kthread+0x53a/0x980
[ 1170.553134]  kthread+0x121/0x140
[ 1170.553135]  ? rcu_note_context_switch+0x150/0x150
[ 1170.553137]  ? kthread_create_worker_on_cpu+0x70/0x70
[ 1170.553139]  ret_from_fork+0x1f/0x40
[ 1170.687333] 	(detected by 0, t=290948 jiffies, g=-134, c=-135, q=94)
[ 1170.690213] NMI backtrace for cpu 1
[ 1170.700159] CPU: 1 PID: 151 Comm: systemd-udevd Not tainted 4.15.0-212-generic #223-Ubuntu
[ 1170.708022] Hardware name: innotek GmbH VirtualBox/VirtualBox, BIOS VirtualBox 12/01/2006
[ 1170.720667] Call Trace:
[ 1170.724658]  <IRQ>
[ 1170.727652]  dump_stack+0x6d/0x8b
[ 1170.733978]  nmi_cpu_backtrace+0x94/0xa0
[ 1170.739113]  ? lapic_can_unplug_cpu+0xb0/0xb0
[ 1170.748959]  nmi_trigger_cpumask_backtrace+0xe7/0x130
[ 1170.755978]  arch_trigger_cpumask_backtrace+0x19/0x20
[ 1170.761613]  rcu_dump_cpu_stacks+0xa3/0xd5
[ 1170.767146]  rcu_check_callbacks+0x6cd/0x8e0
[ 1170.771992]  ? tick_sched_do_timer+0x50/0x50
[ 1170.780861]  update_process_times+0x2f/0x60
[ 1170.786304]  tick_sched_handle+0x26/0x70
[ 1170.790939]  ? tick_sched_do_timer+0x42/0x50
[ 1170.795779]  tick_sched_timer+0x39/0x80
[ 1170.801861]  __hrtimer_run_queues+0xdf/0x230
[ 1170.809798]  hrtimer_interrupt+0x97/0x180
[ 1170.814788]  smp_apic_timer_interrupt+0x6f/0x140
[ 1170.819719]  apic_timer_interrupt+0x90/0xa0
[ 1170.824425]  </IRQ>
[ 1170.827501] RIP: 0010:common_file_perm+0x0/0x130
[ 1170.834276] RSP: 0018:ffffa1c6c05dbe58 EFLAGS: 00010202 ORIG_RAX: ffffffffffffff11
[ 1170.846578] RAX: ffffffffa2228d50 RBX: ffffffffa2fc7040 RCX: 0000000000001000
[ 1170.854865] RDX: 0000000000000004 RSI: ffff89603643f400 RDI: ffffffffa2f14d85
[ 1170.862043] RBP: ffffa1c6c05dbe60 R08: 00007ffffffff000 R09: ffff89607b632e70
[ 1170.872915] R10: 0000000000000000 R11: 0000000000000000 R12: ffff89603643f400
[ 1170.880733] R13: 0000000000000004 R14: 0000564e2be4daf0 R15: ffffa1c6c05dbef8
[ 1170.888338]  ? apparmor_mmap_file+0x40/0x40
[ 1170.893458]  ? apparmor_file_permission+0x1a/0x20
[ 1170.901508]  security_file_permission+0x41/0xc0
[ 1170.906411]  rw_verify_area+0x4e/0xb0
[ 1170.909853]  vfs_read+0x68/0x130
[ 1170.912919]  SyS_read+0x5c/0xe0
[ 1170.916522]  do_syscall_64+0x73/0x130
[ 1170.919924]  entry_SYSCALL_64_after_hwframe+0x59/0xbe
[ 1170.924564] RIP: 0033:0x7f29bdcbe031
[ 1170.927862] RSP: 002b:00007ffe11a59cf8 EFLAGS: 00000246 ORIG_RAX: 0000000000000000
[ 1170.939072] RAX: ffffffffffffffda RBX: 0000564e2be20260 RCX: 00007f29bdcbe031
[ 1170.945346] RDX: 0000000000001000 RSI: 0000564e2be4daf0 RDI: 0000000000000005
[ 1170.952533] RBP: 00007f29bdf962a0 R08: 0000000000000077 R09: 0000000000000000
[ 1170.958868] R10: 0000564e2be20010 R11: 0000000000000246 R12: 0000564e2be4daf0
[ 1170.969977] R13: 0000000000001001 R14: 0000000000000d68 R15: 0000000000001001
[ 1170.976837] Sending NMI from CPU 0 to CPUs 1:
[ 1180.948702] rcu_sched kthread starved for 293556 jiffies! g18446744073709551482 c18446744073709551481 f0x0 RCU_GP_WAIT_FQS(3) ->state=0x200 ->cpu=0
[ 1180.969225] rcu_sched       R    0     8      2 0x80000000
[ 1180.979606] Call Trace:
[ 1180.985215]  __schedule+0x24e/0x890
[ 1180.991718]  schedule+0x2c/0x80
[ 1180.997164]  schedule_timeout+0x15d/0x370
[ 1181.004237]  ? __next_timer_interrupt+0xe0/0xe0
[ 1181.014837]  rcu_gp_kthread+0x53a/0x980
[ 1181.023159]  kthread+0x121/0x140
[ 1181.028099]  ? rcu_note_context_switch+0x150/0x150
[ 1181.037172]  ? kthread_create_worker_on_cpu+0x70/0x70
[ 1181.046392]  ret_from_fork+0x1f/0x40
[ 1181.165381] ioc0: LSI53C1030 A0: Capabilities={Initiator}
[ 1181.449869] scsi host2: ioc0: LSI53C1030 A0, FwRev=00000000h, Ports=1, MaxQ=256, IRQ=20
[ 1181.635698] scsi 2:0:0:0: Direct-Access     VBOX     HARDDISK         1.0  PQ: 0 ANSI: 5
[ 1181.688406] scsi target2:0:0: Beginning Domain Validation
[ 1181.708537] scsi target2:0:0: Domain Validation skipping write tests
[ 1181.721103] scsi target2:0:0: Ending Domain Validation
[ 1181.731547] scsi target2:0:0: asynchronous
[ 1181.742829] scsi 2:0:1:0: Direct-Access     VBOX     HARDDISK         1.0  PQ: 0 ANSI: 5
[ 1181.792386] scsi target2:0:1: Beginning Domain Validation
[ 1181.829950] scsi target2:0:1: Domain Validation skipping write tests
[ 1181.850245] scsi target2:0:1: Ending Domain Validation
[ 1181.861496] scsi target2:0:1: asynchronous
[ 1181.906522] sd 2:0:0:0: [sda] 83886080 512-byte logical blocks: (42.9 GB/40.0 GiB)
[ 1181.923047] sd 2:0:0:0: Attached scsi generic sg0 type 0
[ 1181.936350] sd 2:0:0:0: [sda] Write Protect is off
[ 1181.936622] sd 2:0:1:0: Attached scsi generic sg1 type 0
[ 1181.965289] sd 2:0:0:0: [sda] Incomplete mode parameter data
[ 1181.965655] sd 2:0:1:0: [sdb] 20480 512-byte logical blocks: (10.5 MB/10.0 MiB)
[ 1181.975622] sd 2:0:0:0: [sda] Assuming drive cache: write through
[ 1181.990548] sd 2:0:1:0: [sdb] Write Protect is off
[ 1182.028564] sd 2:0:1:0: [sdb] Incomplete mode parameter data
[ 1182.041397] sd 2:0:1:0: [sdb] Assuming drive cache: write through
[ 1182.066249]  sda: sda1
[ 1182.087417] sd 2:0:0:0: [sda] Attached SCSI disk
[ 1182.108693] sd 2:0:1:0: [sdb] Attached SCSI disk
Begin: Loading essential drivers ... [ 1220.812577] raid6: sse2x1   gen()  4522 MB/s
[ 1220.875229] raid6: sse2x1   xor()  3149 MB/s
[ 1220.948014] raid6: sse2x2   gen()  6384 MB/s
[ 1221.020867] raid6: sse2x2   xor()  3542 MB/s
[ 1221.093551] raid6: sse2x4   gen()  6917 MB/s
[ 1221.166339] raid6: sse2x4   xor()  4366 MB/s
[ 1221.176310] raid6: using algorithm sse2x4 gen() 6917 MB/s
[ 1221.195071] raid6: .... xor() 4366 MB/s, rmw enabled
[ 1221.205980] raid6: using ssse3x2 recovery algorithm
[ 1221.229906] xor: measuring software checksum speed
[ 1221.284573]    prefetch64-sse:  9141.000 MB/sec
[ 1221.336461]    generic_sse:  9186.000 MB/sec
[ 1221.345923] xor: using function: generic_sse (9186.000 MB/sec)
[ 1221.370459] async_tx: api initialized (async)
done.
Begin: Running /scripts/init-premount ... done.
Begin: Mounting root file system ... Begin: Running /scripts/local-top ... done.
Begin: Running /scripts/local-premount ... [ 1221.554914] Btrfs loaded, crc32c=crc32c-intel
Scanning for Btrfs filesystems
done.
Warning: fsck not present, so skipping root file system
[ 1221.706825] EXT4-fs (sda1): mounted filesystem with ordered data mode. Opts: (null)
done.
Begin: Running /scripts/local-bottom ... done.
Begin: Running /scripts/init-bottom ... done.
[ 1222.294629] ip_tables: (C) 2000-2006 Netfilter Core Team
[ 1222.351468] systemd[1]: systemd 237 running in system mode. (+PAM +AUDIT +SELINUX +IMA +APPARMOR +SMACK +SYSVINIT +UTMP +LIBCRYPTSETUP +GCRYPT +GNUTLS +ACL +XZ +LZ4 +SECCOMP +BLKID +ELFUTILS +KMOD -IDN2 +IDN -PCRE2 default-hierarchy=hybrid)
[ 1222.399445] systemd[1]: Detected virtualization oracle.
[ 1222.409288] systemd[1]: Detected architecture x86-64.

Welcome to [1mUbuntu 18.04.6 LTS[0m!

[ 1222.509772] systemd[1]: Set hostname to <ubuntu-bionic>.
[ 1223.268022] systemd[1]: Reached target Mounting snaps.
[[0;32m  OK  [0m] Reached target Mounting snaps.
[ 1223.283879] systemd[1]: Reached target Mounted snaps.
[[0;32m  OK  [0m] Reached target Mounted snaps.
[ 1223.300803] systemd[1]: Started Forward Password Requests to Wall Directory Watch.
[[0;32m  OK  [0m] Started Forward Password Requests to Wall Directory Watch.
[ 1223.329911] systemd[1]: Reached target User and Group Name Lookups.
[[0;32m  OK  [0m] Reached target User and Group Name Lookups.
[ 1223.352960] systemd[1]: Reached target System Time Synchronized.
[[0;32m  OK  [0m] Reached target System Time Synchronized.
[ 1223.368097] systemd[1]: Reached target Swap.
[[0;32m  OK  [0m] Reached target Swap.
[[0;32m  OK  [0m] Set up automount Arbitrary Executab…rmats File System Automount Point.
[[0;32m  OK  [0m] Created slice User and Session Slice.
[[0;32m  OK  [0m] Created slice System Slice.
[[0;32m  OK  [0m] Listening on Device-mapper event daemon FIFOs.
[[0;32m  OK  [0m] Listening on /dev/initctl Compatibility Named Pipe.
[[0;32m  OK  [0m] Listening on LVM2 metadata daemon socket.
[[0;32m  OK  [0m] Listening on Journal Socket.
         Starting Create list of required st…ce nodes for the current kernel...
         Mounting Kernel Debug File System...
         Mounting POSIX Message Queue File System...
[[0;32m  OK  [0m] Reached target Slices.
         Starting Uncomplicated firewall...
[[0;32m  OK  [0m] Listening on Journal Audit Socket.
         Starting Monitoring of LVM2 mirrors…ng dmeventd or progress polling...
[[0;32m  OK  [0m] Listening on udev Control Socket.
         Starting Load Kernel Modules...
[[0;32m  OK  [0m] Created slice system-serial\x2dgetty.slice.
[[0;32m  OK  [0m] Listening on fsck to fsckd communication Socket.
         Starting File System Check on Root Device...
[[0;32m  OK  [0m] Listening on Journal Socket (/dev/log).
[[0;32m  OK  [0m] Listening on udev Kernel Socket.
         Starting udev Coldplug all Devices...
[[0;32m  OK  [0m] Listening on Network Service Netlink Socket.
[ 1223.651094] Loading iSCSI transport class v2.0-870.
         Starting Set the console keyboard layout...
[[0;32m  OK  [0m] Listening on Syslog Socket.
         Starting Journal Service...
[[0;32m  OK  [0m] Listening on LVM2 poll daemon socket.
         Mounting Huge Pages File System...
[[0;32m  OK  [0m] Started Create list of required sta…vice nodes for the current kernel.
[[0;32m  OK  [0m] [ 1223.803317] iscsi: registered transport (tcp)
Mounted Kernel Debug File System.
[[0;32m  OK  [0m] Mounted POSIX Message Queue File System.
[[0;32m  OK  [0m] Started Uncomplicated firewall.
[[0;32m  OK  [0m] Started File System Check on Root Device.
[[0;32m  OK  [0m] Mounted Huge Pages File System.
[[0;32m  OK  [0m] Started LVM2 metadata daemon.
[[0;32m  OK  [0m] Started File System Check Daemon to report status.
         Starting Remount Root and Kernel File Systems...
         Starting Create Static Device Nodes in /dev...
[[0;32m  OK  [0m] Started Create Static Device Nodes in /dev.
[[0;32m  OK  [0m] Started udev Coldplug all Devices.
[ 1224.057804] EXT4-fs (sda1): re-mounted. Opts: (null)
[[0;32m  OK  [0m] Started Remount Root and Kernel File Systems.
         Starting udev Kernel Device Manager...
         Starting Load/Save Random Seed...
[[0;32m  OK  [0m] Started Monitoring of LVM2 mirrors,…sing dmeventd or progress polling.
[ 1224.179285] iscsi: registered transport (iser)
[[0;32m  OK  [0m] Started Journal Service.
[[0;32m  OK  [0m] Started Load Kernel Modules.
         Mounting Kernel Configuration File System...
         Starting Apply Kernel Variables...
         Mounting FUSE Control File System...
         Starting Flush Journal to Persistent Storage...
[[0;32m  OK  [0m] Mounted Kernel Configuration File System.
[[0;32m  OK  [0m] Mounted FUSE Control File System.
[[0;32m  OK  [0m] Started udev Kernel Device Manager.
[[0;32m  OK  [0m] Started Load/Save Random Seed.
[[0;32m  OK  [0m] Started Apply Kernel Variables.
[[0;32m  OK  [0m] Started Set the console keyboard layout.
[[0;32m  OK  [0m] Reached target Local File Systems (Pre).
[[0;32m  OK  [0m] Reached target Local File Systems.
         Starting Tell Plymouth To Write Out Runtime Data...
         Starting Set console font and keymap...
         Starting ebtables ruleset management...
         Starting AppArmor initialization...
[[0;32m  OK  [0m] Started Dispatch Password Requests to Console Directory Watch.
[[0;32m  OK  [0m] Reached target Local Encrypted Volumes.
[[0;32m  OK  [0m] Started Flush Journal to Persistent Storage.
[[0;32m  OK  [0m] Started Tell Plymouth To Write Out Runtime Data.
[[0;32m  OK  [0m] Started Set console font and keymap.
         Starting Create Volatile Files and Directories...
[[0;32m  OK  [0m] Started Create Volatile Files and Directories.
[[0;32m  OK  [0m] Started ebtables ruleset management.
         Starting Update UTMP about System Boot/Shutdown...
[[0;32m  OK  [0m] Started Update UTMP about System Boot/Shutdown.
[[0;32m  OK  [0m] Found device /dev/ttyS0.
[[0;32m  OK  [0m] Started AppArmor initialization.
         Starting Load AppArmor profiles managed internally by snapd...
         Starting Initial cloud-init job (pre-networking)...
[[0;32m  OK  [0m] Listening on Load/Save RF Kill Switch Status /dev/rfkill Watch.
         Mounting Arbitrary Executable File Formats File System...
[[0;32m  OK  [0m] Mounted Arbitrary Executable File Formats File System.
[[0;32m  OK  [0m] Started Load AppArmor profiles managed internally by snapd.
[ 1229.351263] cloud-init[561]: Cloud-init v. 23.1.2-0ubuntu0~18.04.1 running 'init-local' at Mon, 26 May 2025 18:31:14 +0000. Up 1228.86 seconds.
[[0;32m  OK  [0m] Started Initial cloud-init job (pre-networking).
[[0;32m  OK  [0m] Reached target Network (Pre).
         Starting Network Service...
[[0;32m  OK  [0m] Started Network Service.
         Starting Wait for Network to be Configured...
         Starting Network Name Resolution...
[[0;32m  OK  [0m] Started Network Name Resolution.
[[0;32m  OK  [0m] Reached target Host and Network Name Lookups.
[[0;32m  OK  [0m] Reached target Network.
[[0;32m  OK  [0m] Started Wait for Network to be Configured.
         Starting Initial cloud-init job (metadata service crawler)...
[ 1233.198732] cloud-init[692]: Cloud-init v. 23.1.2-0ubuntu0~18.04.1 running 'init' at Mon, 26 May 2025 18:31:18 +0000. Up 1232.68 seconds.
[ 1233.207174] cloud-init[692]: ci-info: ++++++++++++++++++++++++++++++++++++++Net device info+++++++++++++++++++++++++++++++++++++++
[ 1233.213456] cloud-init[692]: ci-info: +--------+-------+----------------------------+---------------+--------+-------------------+
[ 1233.219638] cloud-init[692]: ci-info: | Device |   Up  |          Address           |      Mask     | Scope  |     Hw-Address    |
[ 1233.225425] cloud-init[692]: ci-info: +--------+-------+----------------------------+---------------+--------+-------------------+
[ 1233.231119] cloud-init[692]: ci-info: | enp0s3 |  True |         10.0.2.15          | 255.255.255.0 | global | 02:3b:7b:b7:3b:2d |
[ 1233.236616] cloud-init[692]: ci-info: | enp0s3 |  True | fd00::3b:7bff:feb7:3b2d/64 |       .       | global | 02:3b:7b:b7:3b:2d |
[ 1233.241989] cloud-init[692]: ci-info: | enp0s3 |  True | fe80::3b:7bff:feb7:3b2d/64 |       .       |  link  | 02:3b:7b:b7:3b:2d |
[ 1233.247761] cloud-init[692]: ci-info: | enp0s8 | False |             .              |       .       |   .    | 08:00:27:49:26:17 |
[ 1233.253946] cloud-init[692]: ci-info: |   lo   |  True |         127.0.0.1          |   255.0.0.0   |  host  |         .         |
[ 1233.259622] cloud-init[692]: ci-info: |   lo   |  True |          ::1/128           |       .       |  host  |         .         |
[ 1233.265729] cloud-init[692]: ci-info: +--------+-------+----------------------------+---------------+--------+-------------------+
[ 1233.271023] cloud-init[692]: ci-info: ++++++++++++++++++++++++++++Route IPv4 info+++++++++++++++++++++++++++++
[ 1233.275843] cloud-init[692]: ci-info: +-------+-------------+----------+-----------------+-----------+-------+
[ 1233.280897] cloud-init[692]: ci-info: | Route | Destination | Gateway  |     Genmask     | Interface | Flags |
[ 1233.286156] cloud-init[692]: ci-info: +-------+-------------+----------+-----------------+-----------+-------+
[ 1233.291809] cloud-init[692]: ci-info: |   0   |   0.0.0.0   | 10.0.2.2 |     0.0.0.0     |   enp0s3  |   UG  |
[ 1233.296728] cloud-init[692]: ci-info: |   1   |   10.0.2.0  | 0.0.0.0  |  255.255.255.0  |   enp0s3  |   U   |
[ 1233.301302] cloud-init[692]: ci-info: |   2   |   10.0.2.2  | 0.0.0.0  | 255.255.255.255 |   enp0s3  |   UH  |
[ 1233.306343] cloud-init[692]: ci-info: +-------+-------------+----------+-----------------+-----------+-------+
[ 1233.311016] cloud-init[692]: ci-info: +++++++++++++++++++Route IPv6 info+++++++++++++++++++
[ 1233.315170] cloud-init[692]: ci-info: +-------+-------------+---------+-----------+-------+
[ 1233.319117] cloud-init[692]: ci-info: | Route | Destination | Gateway | Interface | Flags |
[ 1233.322906] cloud-init[692]: ci-info: +-------+-------------+---------+-----------+-------+
[ 1233.327098] cloud-init[692]: ci-info: |   1   |  fd00::/64  |    ::   |   enp0s3  |   U   |
[ 1233.331134] cloud-init[692]: ci-info: |   2   |  fe80::/64  |    ::   |   enp0s3  |   U   |
[ 1233.335306] cloud-init[692]: ci-info: |   3   |     ::/0    | fe80::2 |   enp0s3  |   UG  |
[ 1233.339050] cloud-init[692]: ci-info: |   5   |    local    |    ::   |   enp0s3  |   U   |
[ 1233.344928] cloud-init[692]: ci-info: |   6   |    local    |    ::   |   enp0s3  |   U   |
[ 1233.350839] cloud-init[692]: ci-info: |   7   |   ff00::/8  |    ::   |   enp0s3  |   U   |
[ 1233.354756] cloud-init[692]: ci-info: +-------+-------------+---------+-----------+-------+
[[0;32m  OK  [0m] Started Initial cloud-init job (metadata service crawler).
[[0;32m  OK  [0m] Reached target Network is Online.
[[0;32m  OK  [0m] Reached target Remote File Systems (Pre).
[[0;32m  OK  [0m] Reached target Remote File Systems.
         Starting Availability of block devices...
[[0;32m  OK  [0m] Reached target Cloud-config availability.
[[0;32m  OK  [0m] Reached target System Initialization.
[[0;32m  OK  [0m] Listening on UUID daemon activation socket.
[[0;32m  OK  [0m] Listening on ACPID Listen Socket.
[[0;32m  OK  [0m] Listening on D-Bus System Message Bus Socket.
[[0;32m  OK  [0m] Started Message of the Day.
[[0;32m  OK  [0m] Started Ubuntu Advantage Timer for running repeated jobs.
[[0;32m  OK  [0m] Listening on cloud-init hotplug hook socket.
         Starting Docker Socket for the API.
[[0;32m  OK  [0m] Started Daily Cleanup of Temporary Directories.
         Starting Socket activation for snappy daemon.
[[0;32m  OK  [0m] Started Daily apt download activities.
[[0;32m  OK  [0m] Started Discard unused blocks once a week.
[[0;32m  OK  [0m] Listening on Open-iSCSI iscsid Socket.
[[0;32m  OK  [0m] Started ACPI Events Check.
[[0;32m  OK  [0m] Reached target Paths.
[[0;32m  OK  [0m] Started Daily apt upgrade and clean activities.
[[0;32m  OK  [0m] Reached target Timers.
         Starting LXD - unix socket.
[[0;32m  OK  [0m] Started Availability of block devices.
[[0;32m  OK  [0m] Listening on Docker Socket for the API.
[[0;32m  OK  [0m] Listening on Socket activation for snappy daemon.
[[0;32m  OK  [0m] Listening on LXD - unix socket.
         Starting Cleanup of Temporary Directories...
[[0;32m  OK  [0m] Reached target Sockets.
[[0;32m  OK  [0m] Reached target Basic System.
         Starting Dispatcher daemon for systemd-networkd...
         Starting LSB: automatic crash report generation...
[[0;32m  OK  [0m] Started Regular background program processing daemon.
         Starting System Logging Service...
[[0;32m  OK  [0m] Started D-Bus System Message Bus.
[[0;32m  OK  [0m] Started FUSE filesystem for LXC.
         Starting LSB: Record successful boot for GRUB...
         Starting LXD - container startup/shutdown...
         Starting Login Service...
         Starting Snap Daemon...
[[0;32m  OK  [0m] Reached target Login Prompts (Pre).
         Starting OpenBSD Secure Shell server...
         Starting containerd container runtime...
[[0;32m  OK  [0m] Started irqbalance daemon.
         Starting Permit User Sessions...
         Starting Virtualbox guest utils...
         Starting Accounts Service...
         Starting Ubuntu FAN network setup...
[[0;32m  OK  [0m] Started Deferred execution scheduler.
[[0;32m  OK  [0m] Started System Logging Service.
[[0;32m  OK  [0m] Started Cleanup of Temporary Directories.
[[0;32m  OK  [0m] Started Permit User Sessions.
[[0;32m  OK  [0m] Started OpenBSD Secure Shell server.
[[0;32m  OK  [0m] Started Login Service.
[[0;32m  OK  [0m] Started Unattended Upgrades Shutdown.
         Starting Hostname Service...
         Starting Hold until boot process finishes up...
         Starting Terminate Plymouth Boot Screen...
[[0;32m  OK  [0m] Started Hold until boot process finishes up.
         Starting Set console scheme...
[[0;32m  OK  [0m] Started Serial Getty on ttyS0.
[[0;32m  OK  [0m] Started Terminate Plymouth Boot Screen.
         Starting Authorization Manager...
[[0;32m  OK  [0m] Started LSB: automatic crash report generation.
[[0;32m  OK  [0m] Started LSB: Record successful boot for GRUB.
[[0;32m  OK  [0m] Started Dispatcher daemon for systemd-networkd.
[[0;32m  OK  [0m] Started Set console scheme.
[[0;32m  OK  [0m] Created slice system-getty.slice.
[[0;32m  OK  [0m] Started Getty on tty1.
[[0;32m  OK  [0m] Reached target Login Prompts.
[[0;32m  OK  [0m] Started Authorization Manager.
[[0;32m  OK  [0m] Started Accounts Service.
[[0;32m  OK  [0m] Started Hostname Service.
[[0;32m  OK  [0m] Started LXD - container startup/shutdown.
[[0;32m  OK  [0m] Started Virtualbox guest utils.
[[0;32m  OK  [0m] Started Ubuntu FAN network setup.
[[0;32m  OK  [0m] Started containerd container runtime.
         Starting Docker Application Container Engine...
[[0;32m  OK  [0m] Started Snap Daemon.
         Starting Wait until snapd is fully seeded...
         Starting Time & Date Service...
[[0;32m  OK  [0m] Started Time & Date Service.
[[0;32m  OK  [0m] Started Wait until snapd is fully seeded.
         Starting Apply the settings specified in cloud-config...
[ 1240.790601] cloud-init[1241]: Cloud-init v. 23.1.2-0ubuntu0~18.04.1 running 'modules:config' at Mon, 26 May 2025 18:31:26 +0000. Up 1240.37 seconds.

Ubuntu 18.04.6 LTS ubuntu-bionic ttyS0

ubuntu-bionic login: [ 1243.966670] cloud-init[1475]: Cloud-init v. 23.1.2-0ubuntu0~18.04.1 running 'modules:final' at Mon, 26 May 2025 18:31:29 +0000. Up 1243.62 seconds.
[ 1243.985820] cloud-init[1475]: Cloud-init v. 23.1.2-0ubuntu0~18.04.1 finished at Mon, 26 May 2025 18:31:29 +0000. Datasource DataSourceNoCloud [seed=/dev/sdb][dsmode=net].  Up 1243.94 seconds
                                                                                                                                                                                                                                                                                                                                                                                                                                                                                                                                                                                                                                                                                                                                                                                                                                                                                                                                                                                                      [17087.371805] INFO: rcu_sched self-detected stall on CPU
[17087.373068] INFO: rcu_sched self-detected stall on CPU
[17087.404100] 	1-...!: (1 GPs behind) idle=896/140000000000001/0 softirq=94611/94612 fqs=0 
[17087.422444] 	 (t=474651 jiffies g=52574 c=52573 q=269)
[17087.422465] 	0-...!: (2 ticks this GP) idle=61a/140000000000001/0 softirq=121103/121103 fqs=0 
[17087.429654] rcu_sched kthread starved for 474651 jiffies! g52574 c52573 f0x0 RCU_GP_WAIT_FQS(3) ->state=0x402 ->cpu=0
[17087.439578] 	 (t=474651 jiffies g=52574 c=52573 q=269)
[17087.460399] rcu_sched kthread starved for 474651 jiffies! g52574 c52573 f0x0 RCU_GP_WAIT_FQS(3) ->state=0x402 ->cpu=0
